E:\COURSES\11TH\COMPUTER GRAPHICS\GRAPHICS LAB\CODE\PROJECTBACKUP\PROJECTBACKUP\DEBUG\SOURCE.OBJ
E:\COURSES\11TH\COMPUTER GRAPHICS\GRAPHICS LAB\CODE\PROJECTBACKUP\PROJECTBACKUP\DEBUG\VC110.PDB
E:\COURSES\11TH\COMPUTER GRAPHICS\GRAPHICS LAB\CODE\PROJECTBACKUP\DEBUG\PROJECTBACKUP.ILK
E:\COURSES\11TH\COMPUTER GRAPHICS\GRAPHICS LAB\CODE\PROJECTBACKUP\DEBUG\PROJECTBACKUP.EXE
E:\COURSES\11TH\COMPUTER GRAPHICS\GRAPHICS LAB\CODE\PROJECTBACKUP\DEBUG\PROJECTBACKUP.PDB
E:\Courses\11th\Computer Graphics\Graphics Lab\Code\ProjectBackup\ProjectBackup\Debug\Source.obj
E:\Courses\11th\Computer Graphics\Graphics Lab\Code\ProjectBackup\ProjectBackup\Debug\cl.command.1.tlog
E:\Courses\11th\Computer Graphics\Graphics Lab\Code\ProjectBackup\ProjectBackup\Debug\CL.read.1.tlog
E:\Courses\11th\Computer Graphics\Graphics Lab\Code\ProjectBackup\ProjectBackup\Debug\CL.write.1.tlog
E:\Courses\11th\Computer Graphics\Graphics Lab\Code\ProjectBackup\ProjectBackup\Debug\link-cvtres.read.1.tlog
E:\Courses\11th\Computer Graphics\Graphics Lab\Code\ProjectBackup\ProjectBackup\Debug\link-cvtres.write.1.tlog
E:\Courses\11th\Computer Graphics\Graphics Lab\Code\ProjectBackup\ProjectBackup\Debug\link-rc.read.1.tlog
E:\Courses\11th\Computer Graphics\Graphics Lab\Code\ProjectBackup\ProjectBackup\Debug\link-rc.write.1.tlog
E:\Courses\11th\Computer Graphics\Graphics Lab\Code\ProjectBackup\ProjectBackup\Debug\link.10480-cvtres.read.1.tlog
E:\Courses\11th\Computer Graphics\Graphics Lab\Code\ProjectBackup\ProjectBackup\Debug\link.10480-cvtres.write.1.tlog
E:\Courses\11th\Computer Graphics\Graphics Lab\Code\ProjectBackup\ProjectBackup\Debug\link.10480-rc.read.1.tlog
E:\Courses\11th\Computer Graphics\Graphics Lab\Code\ProjectBackup\ProjectBackup\Debug\link.10480-rc.write.1.tlog
E:\Courses\11th\Computer Graphics\Graphics Lab\Code\ProjectBackup\ProjectBackup\Debug\link.10480.read.1.tlog
E:\Courses\11th\Computer Graphics\Graphics Lab\Code\ProjectBackup\ProjectBackup\Debug\link.10480.write.1.tlog
E:\Courses\11th\Computer Graphics\Graphics Lab\Code\ProjectBackup\ProjectBackup\Debug\link.12060-cvtres.read.1.tlog
E:\Courses\11th\Computer Graphics\Graphics Lab\Code\ProjectBackup\ProjectBackup\Debug\link.12060-cvtres.write.1.tlog
E:\Courses\11th\Computer Graphics\Graphics Lab\Code\ProjectBackup\ProjectBackup\Debug\link.12060-rc.read.1.tlog
E:\Courses\11th\Computer Graphics\Graphics Lab\Code\ProjectBackup\ProjectBackup\Debug\link.12060-rc.write.1.tlog
E:\Courses\11th\Computer Graphics\Graphics Lab\Code\ProjectBackup\ProjectBackup\Debug\link.12060.read.1.tlog
E:\Courses\11th\Computer Graphics\Graphics Lab\Code\ProjectBackup\ProjectBackup\Debug\link.12060.write.1.tlog
E:\Courses\11th\Computer Graphics\Graphics Lab\Code\ProjectBackup\ProjectBackup\Debug\link.12320-cvtres.read.1.tlog
E:\Courses\11th\Computer Graphics\Graphics Lab\Code\ProjectBackup\ProjectBackup\Debug\link.12320-cvtres.write.1.tlog
E:\Courses\11th\Computer Graphics\Graphics Lab\Code\ProjectBackup\ProjectBackup\Debug\link.12320-rc.read.1.tlog
E:\Courses\11th\Computer Graphics\Graphics Lab\Code\ProjectBackup\ProjectBackup\Debug\link.12320-rc.write.1.tlog
E:\Courses\11th\Computer Graphics\Graphics Lab\Code\ProjectBackup\ProjectBackup\Debug\link.12320.read.1.tlog
E:\Courses\11th\Computer Graphics\Graphics Lab\Code\ProjectBackup\ProjectBackup\Debug\link.12320.write.1.tlog
E:\Courses\11th\Computer Graphics\Graphics Lab\Code\ProjectBackup\ProjectBackup\Debug\link.12396-cvtres.read.1.tlog
E:\Courses\11th\Computer Graphics\Graphics Lab\Code\ProjectBackup\ProjectBackup\Debug\link.12396-cvtres.write.1.tlog
E:\Courses\11th\Computer Graphics\Graphics Lab\Code\ProjectBackup\ProjectBackup\Debug\link.12396-rc.read.1.tlog
E:\Courses\11th\Computer Graphics\Graphics Lab\Code\ProjectBackup\ProjectBackup\Debug\link.12396-rc.write.1.tlog
E:\Courses\11th\Computer Graphics\Graphics Lab\Code\ProjectBackup\ProjectBackup\Debug\link.12396.read.1.tlog
E:\Courses\11th\Computer Graphics\Graphics Lab\Code\ProjectBackup\ProjectBackup\Debug\link.12396.write.1.tlog
E:\Courses\11th\Computer Graphics\Graphics Lab\Code\ProjectBackup\ProjectBackup\Debug\link.1812-cvtres.read.1.tlog
E:\Courses\11th\Computer Graphics\Graphics Lab\Code\ProjectBackup\ProjectBackup\Debug\link.1812-cvtres.write.1.tlog
E:\Courses\11th\Computer Graphics\Graphics Lab\Code\ProjectBackup\ProjectBackup\Debug\link.1812-rc.read.1.tlog
E:\Courses\11th\Computer Graphics\Graphics Lab\Code\ProjectBackup\ProjectBackup\Debug\link.1812-rc.write.1.tlog
E:\Courses\11th\Computer Graphics\Graphics Lab\Code\ProjectBackup\ProjectBackup\Debug\link.1812.read.1.tlog
E:\Courses\11th\Computer Graphics\Graphics Lab\Code\ProjectBackup\ProjectBackup\Debug\link.1812.write.1.tlog
E:\Courses\11th\Computer Graphics\Graphics Lab\Code\ProjectBackup\ProjectBackup\Debug\link.4428-cvtres.read.1.tlog
E:\Courses\11th\Computer Graphics\Graphics Lab\Code\ProjectBackup\ProjectBackup\Debug\link.4428-cvtres.write.1.tlog
E:\Courses\11th\Computer Graphics\Graphics Lab\Code\ProjectBackup\ProjectBackup\Debug\link.4428-rc.read.1.tlog
E:\Courses\11th\Computer Graphics\Graphics Lab\Code\ProjectBackup\ProjectBackup\Debug\link.4428-rc.write.1.tlog
E:\Courses\11th\Computer Graphics\Graphics Lab\Code\ProjectBackup\ProjectBackup\Debug\link.4428.read.1.tlog
E:\Courses\11th\Computer Graphics\Graphics Lab\Code\ProjectBackup\ProjectBackup\Debug\link.4428.write.1.tlog
E:\Courses\11th\Computer Graphics\Graphics Lab\Code\ProjectBackup\ProjectBackup\Debug\link.5888-cvtres.read.1.tlog
E:\Courses\11th\Computer Graphics\Graphics Lab\Code\ProjectBackup\ProjectBackup\Debug\link.5888-cvtres.write.1.tlog
E:\Courses\11th\Computer Graphics\Graphics Lab\Code\ProjectBackup\ProjectBackup\Debug\link.5888-rc.read.1.tlog
E:\Courses\11th\Computer Graphics\Graphics Lab\Code\ProjectBackup\ProjectBackup\Debug\link.5888-rc.write.1.tlog
E:\Courses\11th\Computer Graphics\Graphics Lab\Code\ProjectBackup\ProjectBackup\Debug\link.5888.read.1.tlog
E:\Courses\11th\Computer Graphics\Graphics Lab\Code\ProjectBackup\ProjectBackup\Debug\link.5888.write.1.tlog
E:\Courses\11th\Computer Graphics\Graphics Lab\Code\ProjectBackup\ProjectBackup\Debug\link.7164-cvtres.read.1.tlog
E:\Courses\11th\Computer Graphics\Graphics Lab\Code\ProjectBackup\ProjectBackup\Debug\link.7164-cvtres.write.1.tlog
E:\Courses\11th\Computer Graphics\Graphics Lab\Code\ProjectBackup\ProjectBackup\Debug\link.7164-rc.read.1.tlog
E:\Courses\11th\Computer Graphics\Graphics Lab\Code\ProjectBackup\ProjectBackup\Debug\link.7164-rc.write.1.tlog
E:\Courses\11th\Computer Graphics\Graphics Lab\Code\ProjectBackup\ProjectBackup\Debug\link.7164.read.1.tlog
E:\Courses\11th\Computer Graphics\Graphics Lab\Code\ProjectBackup\ProjectBackup\Debug\link.7164.write.1.tlog
E:\Courses\11th\Computer Graphics\Graphics Lab\Code\ProjectBackup\ProjectBackup\Debug\link.8028-cvtres.read.1.tlog
E:\Courses\11th\Computer Graphics\Graphics Lab\Code\ProjectBackup\ProjectBackup\Debug\link.8028-cvtres.write.1.tlog
E:\Courses\11th\Computer Graphics\Graphics Lab\Code\ProjectBackup\ProjectBackup\Debug\link.8028-rc.read.1.tlog
E:\Courses\11th\Computer Graphics\Graphics Lab\Code\ProjectBackup\ProjectBackup\Debug\link.8028-rc.write.1.tlog
E:\Courses\11th\Computer Graphics\Graphics Lab\Code\ProjectBackup\ProjectBackup\Debug\link.8028.read.1.tlog
E:\Courses\11th\Computer Graphics\Graphics Lab\Code\ProjectBackup\ProjectBackup\Debug\link.8028.write.1.tlog
E:\Courses\11th\Computer Graphics\Graphics Lab\Code\ProjectBackup\ProjectBackup\Debug\link.8212-cvtres.read.1.tlog
E:\Courses\11th\Computer Graphics\Graphics Lab\Code\ProjectBackup\ProjectBackup\Debug\link.8212-cvtres.write.1.tlog
E:\Courses\11th\Computer Graphics\Graphics Lab\Code\ProjectBackup\ProjectBackup\Debug\link.8212-rc.read.1.tlog
E:\Courses\11th\Computer Graphics\Graphics Lab\Code\ProjectBackup\ProjectBackup\Debug\link.8212-rc.write.1.tlog
E:\Courses\11th\Computer Graphics\Graphics Lab\Code\ProjectBackup\ProjectBackup\Debug\link.8212.read.1.tlog
E:\Courses\11th\Computer Graphics\Graphics Lab\Code\ProjectBackup\ProjectBackup\Debug\link.8212.write.1.tlog
E:\Courses\11th\Computer Graphics\Graphics Lab\Code\ProjectBackup\ProjectBackup\Debug\link.8608-cvtres.read.1.tlog
E:\Courses\11th\Computer Graphics\Graphics Lab\Code\ProjectBackup\ProjectBackup\Debug\link.8608-cvtres.write.1.tlog
E:\Courses\11th\Computer Graphics\Graphics Lab\Code\ProjectBackup\ProjectBackup\Debug\link.8608-rc.read.1.tlog
E:\Courses\11th\Computer Graphics\Graphics Lab\Code\ProjectBackup\ProjectBackup\Debug\link.8608-rc.write.1.tlog
E:\Courses\11th\Computer Graphics\Graphics Lab\Code\ProjectBackup\ProjectBackup\Debug\link.8608.read.1.tlog
E:\Courses\11th\Computer Graphics\Graphics Lab\Code\ProjectBackup\ProjectBackup\Debug\link.8608.write.1.tlog
E:\Courses\11th\Computer Graphics\Graphics Lab\Code\ProjectBackup\ProjectBackup\Debug\link.9520-cvtres.read.1.tlog
E:\Courses\11th\Computer Graphics\Graphics Lab\Code\ProjectBackup\ProjectBackup\Debug\link.9520-cvtres.write.1.tlog
E:\Courses\11th\Computer Graphics\Graphics Lab\Code\ProjectBackup\ProjectBackup\Debug\link.9520-rc.read.1.tlog
E:\Courses\11th\Computer Graphics\Graphics Lab\Code\ProjectBackup\ProjectBackup\Debug\link.9520-rc.write.1.tlog
E:\Courses\11th\Computer Graphics\Graphics Lab\Code\ProjectBackup\ProjectBackup\Debug\link.9520.read.1.tlog
E:\Courses\11th\Computer Graphics\Graphics Lab\Code\ProjectBackup\ProjectBackup\Debug\link.9520.write.1.tlog
E:\Courses\11th\Computer Graphics\Graphics Lab\Code\ProjectBackup\ProjectBackup\Debug\link.9776-cvtres.read.1.tlog
E:\Courses\11th\Computer Graphics\Graphics Lab\Code\ProjectBackup\ProjectBackup\Debug\link.9776-cvtres.write.1.tlog
E:\Courses\11th\Computer Graphics\Graphics Lab\Code\ProjectBackup\ProjectBackup\Debug\link.9776-rc.read.1.tlog
E:\Courses\11th\Computer Graphics\Graphics Lab\Code\ProjectBackup\ProjectBackup\Debug\link.9776-rc.write.1.tlog
E:\Courses\11th\Computer Graphics\Graphics Lab\Code\ProjectBackup\ProjectBackup\Debug\link.9776.read.1.tlog
E:\Courses\11th\Computer Graphics\Graphics Lab\Code\ProjectBackup\ProjectBackup\Debug\link.9776.write.1.tlog
E:\Courses\11th\Computer Graphics\Graphics Lab\Code\ProjectBackup\ProjectBackup\Debug\link.9944-cvtres.read.1.tlog
E:\Courses\11th\Computer Graphics\Graphics Lab\Code\ProjectBackup\ProjectBackup\Debug\link.9944-cvtres.write.1.tlog
E:\Courses\11th\Computer Graphics\Graphics Lab\Code\ProjectBackup\ProjectBackup\Debug\link.9944-rc.read.1.tlog
E:\Courses\11th\Computer Graphics\Graphics Lab\Code\ProjectBackup\ProjectBackup\Debug\link.9944-rc.write.1.tlog
E:\Courses\11th\Computer Graphics\Graphics Lab\Code\ProjectBackup\ProjectBackup\Debug\link.9944.read.1.tlog
E:\Courses\11th\Computer Graphics\Graphics Lab\Code\ProjectBackup\ProjectBackup\Debug\link.9944.write.1.tlog
E:\Courses\11th\Computer Graphics\Graphics Lab\Code\ProjectBackup\ProjectBackup\Debug\link.command.1.tlog
E:\Courses\11th\Computer Graphics\Graphics Lab\Code\ProjectBackup\ProjectBackup\Debug\link.read.1.tlog
E:\Courses\11th\Computer Graphics\Graphics Lab\Code\ProjectBackup\ProjectBackup\Debug\link.write.1.tlog
E:\Courses\11th\Computer Graphics\Graphics Lab\Code\ProjectBackup\ProjectBackup\Debug\vc110.idb
E:\Courses\11th\Computer Graphics\Graphics Lab\Code\ProjectBackup\ProjectBackup\Debug\vc110.pdb
E:\Courses\11th\Computer Graphics\Graphics Lab\Code\ProjectBackup\Debug\ProjectBackup.pdb
E:\Courses\11th\Computer Graphics\Graphics Lab\Code\ProjectBackup\Debug\ProjectBackup.exe
E:\Courses\11th\Computer Graphics\Graphics Lab\Code\ProjectBackup\Debug\ProjectBackup.ilk
